********************************************************************************
DUPLICATOR-LITE PACKAGE-LOG: 13 April 2020 16:16
NOTICE: Do NOT post to public sites or forums 
********************************************************************************
VERSION:	1.3.28
WORDPRESS:	5.4
PHP INFO:	7.4.3 | SAPI: apache2handler
SERVER:		Apache/2.4.41 (Win64) OpenSSL/1.1.1c PHP/7.4.3 
PHP TIME LIMIT: (0) no time limit imposed 
PHP MAX MEMORY: 4294967296 (512M default) 
MEMORY STACK: 2MB

********************************************************************************
DATABASE:
********************************************************************************
BUILD MODE:   MYSQLDUMP
MYSQLTIMEOUT: 5000
MYSQLDUMP:    Is Supported
SQL CREATED: 20200413_canarycars_700ce364f157edf28619_20200413161410_database.sql
SQL FILE SIZE: 734.18KB (751798)
SQL FILE TIME: 2020-04-13 16:16:07
SQL RUNTIME: 2.01 sec.

********************************************************************************
ARCHIVE (ZIP):
********************************************************************************
ARCHIVE DIR:  C:/xampp/htdocs/canarycars
ARCHIVE FILE: 20200413_canarycars_700ce364f157edf28619_20200413161410_archive.zip
FILTERS: *OFF*
DIRS:
	not set
FILES:
	not set
EXTS:  not set
----------------------------------------
COMPRESSING
SIZE:	58.27MB
STATS:	Dirs 314 | Files 2,516
SQL ADDED: 20200413_canarycars_700ce364f157edf28619_20200413161410_database.sql
ZipArchive Object
(
    [status] => 0
    [statusSys] => 0
    [numFiles] => 2830
    [filename] => C:\xampp\htdocs\canarycars\wp-snapshots\tmp\20200413_canarycars_700ce364f157edf28619_20200413161410_archive.zip
    [comment] => 
)

FILE ADDED TO ZIP: 2829
COMPRESSION RESULT: '1'
COMPRESSED SIZE: 20.77MB
ARCHIVE RUNTIME: 45.42 sec.
MEMORY STACK: 4MB
building installer
add_extra_files1
add_extra_files2
add_extra_files3
add_extra_files4
Doing archive file check
add_extra_files5
add_extra_files6
add_extra_files8
Successfully opened zip C:/xampp/htdocs/canarycars/wp-snapshots/tmp/20200413_canarycars_700ce364f157edf28619_20200413161410_archive.zip
Adding enhanced installer files to archive using ZipArchive
Installer files added to archive
Added to archive
After ziparchive close when adding installer

********************************************************************************
INTEGRITY CHECKS:
********************************************************************************
SQL FILE: 734.18KB
INSTALLER FILE: 60.53KB
ARCHIVE FILE: 22.08MB 
EXPECTED FILE/DIRECTORY COUNT: 2,830
ACTUAL FILE/DIRECTORY COUNT: 2,829
ARCHIVE CONSISTENCY TEST: Pass

********************************************************************************
RECORD ID:[1]
TOTAL PROCESS RUNTIME: 49.74 sec.
PEAK PHP MEMORY USED: 4MB
DONE PROCESSING => 20200413_canarycars 13 April 2020 16:16

